<?xml version="1.0" encoding="UTF-8"?>
<!-- Generated by org.testng.reporters.JUnitXMLReporter -->
<testsuite ignored="0" hostname="vivobook-asuslaptop-x512flc-x512fl" failures="0" tests="8" name="Default test" time="105.223" errors="0" timestamp="2023-09-25T13:07:17 IST">
  <testcase classname="Sanitytesting.CellanotationUI.Cell" name="login" time="26.357"/>
  <testcase classname="Sanitytesting.CellanotationUI.Cell" name="sectionselect" time="10.096"/>
  <testcase classname="Sanitytesting.CellanotationUI.Cell" name="cellannotation" time="15.346"/>
  <testcase classname="Sanitytesting.CellanotationUI.Cell" name="celldetection" time="11.768"/>
  <testcase classname="Sanitytesting.CellanotationUI.Cell" name="centroidDetection" time="11.162"/>
  <testcase classname="Sanitytesting.CellanotationUI.Cell" name="Rabies" time="11.779"/>
  <testcase classname="Sanitytesting.CellanotationUI.Cell" name="Annotation" time="9.158"/>
  <testcase classname="Sanitytesting.CellanotationUI.Cell" name="save" time="8.211"/>
</testsuite> <!-- Default test -->
