<?xml version="1.0" encoding="UTF-8"?>
<testsuite xmlns:xsi="http://www.w3.org/2001/XMLSchema-instance" xsi:noNamespaceSchemaLocation="https://maven.apache.org/surefire/maven-surefire-plugin/xsd/surefire-test-report-3.0.xsd" version="3.0" name="Sanitytesting.CellanotationUI.Cell" time="77.986" tests="8" errors="0" skipped="0" failures="4">
  <properties>
[...]
</properties>
  <testcase name="login" classname="Sanitytesting.CellanotationUI.Cell" time="22.859">
    <system-out><![CDATA[Login successfully
]]></system-out>
    <system-err><![CDATA[Sep 22, 2023 11:26:13 AM org.openqa.selenium.remote.DesiredCapabilities chrome
INFO: Using `new ChromeOptions()` is preferred to `DesiredCapabilities.chrome()`
Sep 22, 2023 11:26:14 AM org.openqa.selenium.remote.ProtocolHandshake createSession
INFO: Detected dialect: W3C
]]></system-err>
  </testcase>
  <testcase name="sectionselect" classname="Sanitytesting.CellanotationUI.Cell" time="9.303"/>
  <testcase name="cellannotation" classname="Sanitytesting.CellanotationUI.Cell" time="15.358">
    <system-out><![CDATA[Tile loaded succesfully
]]></system-out>
  </testcase>
  <testcase name="celldetection" classname="Sanitytesting.CellanotationUI.Cell" time="6.674">
    <failure message="expected:&lt;Relearn [failed]&gt; but was:&lt;Relearn [success]&gt;" type="org.junit.ComparisonFailure"><![CDATA[org.junit.ComparisonFailure: expected:<Relearn [failed]> but was:<Relearn [success]>
	at Sanitytesting.CellanotationUI.Cell.celldetection(Cell.java:106)
]]></failure>
  </testcase>
  <testcase name="centroidDetection" classname="Sanitytesting.CellanotationUI.Cell" time="6.142">
    <failure message="expected:&lt;Relearn [failed]&gt; but was:&lt;Relearn [success]&gt;" type="org.junit.ComparisonFailure"><![CDATA[org.junit.ComparisonFailure: expected:<Relearn [failed]> but was:<Relearn [success]>
	at Sanitytesting.CellanotationUI.Cell.centroidDetection(Cell.java:120)
]]></failure>
  </testcase>
  <testcase name="Rabies" classname="Sanitytesting.CellanotationUI.Cell" time="7.084">
    <failure message="expected:&lt;Relearn [failed]&gt; but was:&lt;Relearn [success]&gt;" type="org.junit.ComparisonFailure"><![CDATA[org.junit.ComparisonFailure: expected:<Relearn [failed]> but was:<Relearn [success]>
	at Sanitytesting.CellanotationUI.Cell.Rabies(Cell.java:136)
]]></failure>
  </testcase>
  <testcase name="Annotation" classname="Sanitytesting.CellanotationUI.Cell" time="4.14">
    <system-out><![CDATA[Cleared and First pass added
]]></system-out>
  </testcase>
  <testcase name="save" classname="Sanitytesting.CellanotationUI.Cell" time="5.215">
    <failure message="no such element: Unable to locate element: {&quot;method&quot;:&quot;xpath&quot;,&quot;selector&quot;:&quot;//nb-toast//span[text()=&apos;Save&apos;]/following-sibling::div[@class=&apos;message&apos;]&quot;}&#10;  (Session info: chrome=115.0.5790.110)&#10;For documentation on this error, please visit: https://www.seleniumhq.org/exceptions/no_such_element.html&#10;Build info: version: &apos;3.141.59&apos;, revision: &apos;e82be7d358&apos;, time: &apos;2018-11-14T08:17:03&apos;&#10;System info: host: &apos;vivobook-asuslaptop-x512flc-x512fl&apos;, ip: &apos;10.42.251.191&apos;, os.name: &apos;Linux&apos;, os.arch: &apos;amd64&apos;, os.version: &apos;6.2.0-32-generic&apos;, java.version: &apos;17.0.7&apos;&#10;Driver info: org.openqa.selenium.remote.RemoteWebDriver&#10;Capabilities {acceptInsecureCerts: false, browserName: chrome, browserVersion: 115.0.5790.110, chrome: {chromedriverVersion: 115.0.5790.102 (90efd4b0ad6..., userDataDir: /tmp/.org.chromium.Chromium...}, goog:chromeOptions: {debuggerAddress: localhost:36457}, javascriptEnabled: true, networkConnectionEnabled: false, pageLoadStrategy: normal, platform: LINUX, platformName: LINUX, proxy: Proxy(), se:bidiEnabled: false, se:cdp: ws://172.17.0.3:4444/sessio..., se:cdpVersion: 115.0.5790.110, se:vnc: ws://172.17.0.3:4444/sessio..., se:vncEnabled: true, se:vncLocalAddress: ws://172.17.0.3:7900, setWindowRect: true, strictFileInteractability: false, timeouts: {implicit: 0, pageLoad: 300000, script: 30000}, unhandledPromptBehavior: dismiss and notify, webauthn:extension:credBlob: true, webauthn:extension:largeBlob: true, webauthn:extension:minPinLength: true, webauthn:extension:prf: true, webauthn:virtualAuthenticators: true}&#10;Session ID: fc84e3910af74cf92b63b1c35998086c&#10;*** Element info: {Using=xpath, value=//nb-toast//span[text()=&apos;Save&apos;]/following-sibling::div[@class=&apos;message&apos;]}" type="org.openqa.selenium.NoSuchElementException"><![CDATA[org.openqa.selenium.NoSuchElementException: 
no such element: Unable to locate element: {"method":"xpath","selector":"//nb-toast//span[text()='Save']/following-sibling::div[@class='message']"}
  (Session info: chrome=115.0.5790.110)
For documentation on this error, please visit: https://www.seleniumhq.org/exceptions/no_such_element.html
Build info: version: '3.141.59', revision: 'e82be7d358', time: '2018-11-14T08:17:03'
System info: host: 'vivobook-asuslaptop-x512flc-x512fl', ip: '10.42.251.191', os.name: 'Linux', os.arch: 'amd64', os.version: '6.2.0-32-generic', java.version: '17.0.7'
Driver info: org.openqa.selenium.remote.RemoteWebDriver
Capabilities {acceptInsecureCerts: false, browserName: chrome, browserVersion: 115.0.5790.110, chrome: {chromedriverVersion: 115.0.5790.102 (90efd4b0ad6..., userDataDir: /tmp/.org.chromium.Chromium...}, goog:chromeOptions: {debuggerAddress: localhost:36457}, javascriptEnabled: true, networkConnectionEnabled: false, pageLoadStrategy: normal, platform: LINUX, platformName: LINUX, proxy: Proxy(), se:bidiEnabled: false, se:cdp: ws://172.17.0.3:4444/sessio..., se:cdpVersion: 115.0.5790.110, se:vnc: ws://172.17.0.3:4444/sessio..., se:vncEnabled: true, se:vncLocalAddress: ws://172.17.0.3:7900, setWindowRect: true, strictFileInteractability: false, timeouts: {implicit: 0, pageLoad: 300000, script: 30000}, unhandledPromptBehavior: dismiss and notify, webauthn:extension:credBlob: true, webauthn:extension:largeBlob: true, webauthn:extension:minPinLength: true, webauthn:extension:prf: true, webauthn:virtualAuthenticators: true}
Session ID: fc84e3910af74cf92b63b1c35998086c
*** Element info: {Using=xpath, value=//nb-toast//span[text()='Save']/following-sibling::div[@class='message']}
	at Sanitytesting.CellanotationUI.Cell.save(Cell.java:159)
]]></failure>
  </testcase>
</testsuite>