<?xml version="1.0" encoding="UTF-8"?>
<testng-results ignored="0" total="8" passed="8" failed="0" skipped="0">
  <reporter-output>
  </reporter-output>
  <suite started-at="2023-09-25T13:05:32 IST" name="Default suite" finished-at="2023-09-25T13:07:17 IST" duration-ms="105223">
    <groups>
    </groups>
    <test started-at="2023-09-25T13:05:32 IST" name="Default test" finished-at="2023-09-25T13:07:17 IST" duration-ms="105223">
      <class name="Sanitytesting.CellanotationUI.Cell">
        <test-method is-config="true" signature="setup()[pri:0, instance:Sanitytesting.CellanotationUI.Cell@25084a1e]" started-at="2023-09-25T13:05:32 IST" name="setup" finished-at="2023-09-25T13:05:33 IST" duration-ms="1196" status="PASS">
          <reporter-output>
          </reporter-output>
        </test-method> <!-- setup -->
        <test-method signature="login()[pri:1, instance:Sanitytesting.CellanotationUI.Cell@25084a1e]" started-at="2023-09-25T13:05:33 IST" name="login" finished-at="2023-09-25T13:05:59 IST" duration-ms="26357" status="PASS">
          <reporter-output>
          </reporter-output>
        </test-method> <!-- login -->
        <test-method signature="sectionselect()[pri:2, instance:Sanitytesting.CellanotationUI.Cell@25084a1e]" started-at="2023-09-25T13:05:59 IST" name="sectionselect" finished-at="2023-09-25T13:06:10 IST" duration-ms="10096" status="PASS">
          <reporter-output>
          </reporter-output>
        </test-method> <!-- sectionselect -->
        <test-method signature="cellannotation()[pri:3, instance:Sanitytesting.CellanotationUI.Cell@25084a1e]" started-at="2023-09-25T13:06:10 IST" name="cellannotation" finished-at="2023-09-25T13:06:25 IST" duration-ms="15346" status="PASS">
          <reporter-output>
          </reporter-output>
        </test-method> <!-- cellannotation -->
        <test-method signature="celldetection()[pri:4, instance:Sanitytesting.CellanotationUI.Cell@25084a1e]" started-at="2023-09-25T13:06:25 IST" name="celldetection" finished-at="2023-09-25T13:06:37 IST" duration-ms="11768" status="PASS">
          <reporter-output>
          </reporter-output>
        </test-method> <!-- celldetection -->
        <test-method signature="centroidDetection()[pri:5, instance:Sanitytesting.CellanotationUI.Cell@25084a1e]" started-at="2023-09-25T13:06:37 IST" name="centroidDetection" finished-at="2023-09-25T13:06:48 IST" duration-ms="11162" status="PASS">
          <reporter-output>
          </reporter-output>
        </test-method> <!-- centroidDetection -->
        <test-method signature="Rabies()[pri:6, instance:Sanitytesting.CellanotationUI.Cell@25084a1e]" started-at="2023-09-25T13:06:48 IST" name="Rabies" finished-at="2023-09-25T13:07:00 IST" duration-ms="11779" status="PASS">
          <reporter-output>
          </reporter-output>
        </test-method> <!-- Rabies -->
        <test-method signature="Annotation()[pri:7, instance:Sanitytesting.CellanotationUI.Cell@25084a1e]" started-at="2023-09-25T13:07:00 IST" name="Annotation" finished-at="2023-09-25T13:07:09 IST" duration-ms="9158" status="PASS">
          <reporter-output>
          </reporter-output>
        </test-method> <!-- Annotation -->
        <test-method signature="save()[pri:8, instance:Sanitytesting.CellanotationUI.Cell@25084a1e]" started-at="2023-09-25T13:07:09 IST" name="save" finished-at="2023-09-25T13:07:17 IST" duration-ms="8211" status="PASS">
          <reporter-output>
          </reporter-output>
        </test-method> <!-- save -->
        <test-method is-config="true" signature="afterTest()[pri:0, instance:Sanitytesting.CellanotationUI.Cell@25084a1e]" started-at="2023-09-25T13:07:17 IST" name="afterTest" finished-at="2023-09-25T13:07:17 IST" duration-ms="116" status="PASS">
          <reporter-output>
          </reporter-output>
        </test-method> <!-- afterTest -->
      </class> <!-- Sanitytesting.CellanotationUI.Cell -->
    </test> <!-- Default test -->
  </suite> <!-- Default suite -->
</testng-results>
