<?xml version="1.0" encoding="UTF-8"?>
<testng-results ignored="0" total="8" passed="8" failed="0" skipped="0">
  <reporter-output>
  </reporter-output>
  <suite started-at="2023-09-25T18:01:41 IST" name="Default suite" finished-at="2023-09-25T18:03:28 IST" duration-ms="106990">
    <groups>
    </groups>
    <test started-at="2023-09-25T18:01:41 IST" name="Default test" finished-at="2023-09-25T18:03:28 IST" duration-ms="106990">
      <class name="Sanitytesting.CellanotationUI.Cell">
        <test-method is-config="true" signature="setup()[pri:0, instance:Sanitytesting.CellanotationUI.Cell@25084a1e]" started-at="2023-09-25T18:01:41 IST" name="setup" finished-at="2023-09-25T18:01:44 IST" duration-ms="2621" status="PASS">
          <reporter-output>
          </reporter-output>
        </test-method> <!-- setup -->
        <test-method signature="login()[pri:1, instance:Sanitytesting.CellanotationUI.Cell@25084a1e]" started-at="2023-09-25T18:01:44 IST" name="login" finished-at="2023-09-25T18:02:07 IST" duration-ms="23344" status="PASS">
          <reporter-output>
          </reporter-output>
        </test-method> <!-- login -->
        <test-method signature="sectionselect()[pri:2, instance:Sanitytesting.CellanotationUI.Cell@25084a1e]" started-at="2023-09-25T18:02:07 IST" name="sectionselect" finished-at="2023-09-25T18:02:17 IST" duration-ms="9767" status="PASS">
          <reporter-output>
          </reporter-output>
        </test-method> <!-- sectionselect -->
        <test-method signature="cellannotation()[pri:3, instance:Sanitytesting.CellanotationUI.Cell@25084a1e]" started-at="2023-09-25T18:02:17 IST" name="cellannotation" finished-at="2023-09-25T18:02:35 IST" duration-ms="17960" status="PASS">
          <reporter-output>
          </reporter-output>
        </test-method> <!-- cellannotation -->
        <test-method signature="celldetection()[pri:4, instance:Sanitytesting.CellanotationUI.Cell@25084a1e]" started-at="2023-09-25T18:02:35 IST" name="celldetection" finished-at="2023-09-25T18:02:46 IST" duration-ms="11146" status="PASS">
          <reporter-output>
          </reporter-output>
        </test-method> <!-- celldetection -->
        <test-method signature="centroidDetection()[pri:5, instance:Sanitytesting.CellanotationUI.Cell@25084a1e]" started-at="2023-09-25T18:02:46 IST" name="centroidDetection" finished-at="2023-09-25T18:02:57 IST" duration-ms="11146" status="PASS">
          <reporter-output>
          </reporter-output>
        </test-method> <!-- centroidDetection -->
        <test-method signature="Rabies()[pri:6, instance:Sanitytesting.CellanotationUI.Cell@25084a1e]" started-at="2023-09-25T18:02:57 IST" name="Rabies" finished-at="2023-09-25T18:03:09 IST" duration-ms="11798" status="PASS">
          <reporter-output>
          </reporter-output>
        </test-method> <!-- Rabies -->
        <test-method signature="Annotation()[pri:7, instance:Sanitytesting.CellanotationUI.Cell@25084a1e]" started-at="2023-09-25T18:03:09 IST" name="Annotation" finished-at="2023-09-25T18:03:18 IST" duration-ms="9169" status="PASS">
          <reporter-output>
          </reporter-output>
        </test-method> <!-- Annotation -->
        <test-method signature="save()[pri:8, instance:Sanitytesting.CellanotationUI.Cell@25084a1e]" started-at="2023-09-25T18:03:18 IST" name="save" finished-at="2023-09-25T18:03:28 IST" duration-ms="9886" status="PASS">
          <reporter-output>
          </reporter-output>
        </test-method> <!-- save -->
        <test-method is-config="true" signature="afterTest()[pri:0, instance:Sanitytesting.CellanotationUI.Cell@25084a1e]" started-at="2023-09-25T18:03:28 IST" name="afterTest" finished-at="2023-09-25T18:03:28 IST" duration-ms="119" status="PASS">
          <reporter-output>
          </reporter-output>
        </test-method> <!-- afterTest -->
      </class> <!-- Sanitytesting.CellanotationUI.Cell -->
    </test> <!-- Default test -->
  </suite> <!-- Default suite -->
</testng-results>
